# JRE version: Java(TM) SE Runtime Environment (18.0.1.1+2) (build 18.0.1.1+2-6)
# Java VM: Java HotSpot(TM) 64-Bit Server VM (18.0.1.1+2-6, mixed mode, sharing, tiered, compressed oops, compressed class ptrs, g1 gc, windows-amd64)
GC Precious Log:
 CardTable entry size: 512
 Card Set container configuration: InlinePtr #cards 5 size 8 Array Of Cards #cards 12 size 40 Howl #buckets 4 coarsen threshold 1843 Howl Bitmap #cards 512 size 80 coarsen threshold 460 Card regions per heap region 1 cards per card region 2048
 CPUs: 8 total, 8 available
 Memory: 7997M
 Large Page Support: Disabled
 NUMA Support: Disabled
 Compressed Oops: Enabled (32-bit)
 Heap Region Size: 1M
 Heap Min Capacity: 8M
 Heap Initial Capacity: 126M
 Heap Max Capacity: 2000M
 Pre-touch: Disabled
 Parallel Workers: 8
 Concurrent Workers: 2
 Concurrent Refinement Workers: 8
 Periodic GC: Disabled
Heap:
 garbage-first heap   total 155648K, used 62508K [0x0000000083000000, 0x0000000100000000)
  region size 1024K, 6 young (6144K), 3 survivors (3072K)
 Metaspace       used 16679K, committed 17088K, reserved 1114112K
  class space    used 1902K, committed 2112K, reserved 1048576K
GC Heap History (20 events):
Event: 0.507 GC heap before
{Heap before GC invocations=0 (full 0):
 garbage-first heap   total 129024K, used 22528K [0x0000000083000000, 0x0000000100000000)
  region size 1024K, 23 young (23552K), 0 survivors (0K)
 Metaspace       used 5932K, committed 6208K, reserved 1114112K
  class space    used 723K, committed 832K, reserved 1048576K
}
Event: 0.510 GC heap after
{Heap after GC invocations=1 (full 0):
 garbage-first heap   total 129024K, used 3136K [0x0000000083000000, 0x0000000100000000)
  region size 1024K, 3 young (3072K), 3 survivors (3072K)
 Metaspace       used 5932K, committed 6208K, reserved 1114112K
  class space    used 723K, committed 832K, reserved 1048576K
}
Event: 12.556 GC heap before
{Heap before GC invocations=1 (full 0):
 garbage-first heap   total 129024K, used 56384K [0x0000000083000000, 0x0000000100000000)
  region size 1024K, 35 young (35840K), 3 survivors (3072K)
 Metaspace       used 14661K, committed 15040K, reserved 1114112K
  class space    used 1881K, committed 2048K, reserved 1048576K
}
Event: 12.561 GC heap after
{Heap after GC invocations=2 (full 0):
 garbage-first heap   total 129024K, used 26232K [0x0000000083000000, 0x0000000100000000)
  region size 1024K, 5 young (5120K), 5 survivors (5120K)
 Metaspace       used 14661K, committed 15040K, reserved 1114112K
  class space    used 1881K, committed 2048K, reserved 1048576K
}
Event: 95.694 GC heap before
{Heap before GC invocations=2 (full 0):
 garbage-first heap   total 129024K, used 100984K [0x0000000083000000, 0x0000000100000000)
  region size 1024K, 46 young (47104K), 5 survivors (5120K)
 Metaspace       used 16176K, committed 16576K, reserved 1114112K
  class space    used 1894K, committed 2112K, reserved 1048576K
}
Event: 95.701 GC heap after
{Heap after GC invocations=3 (full 0):
 garbage-first heap   total 129024K, used 47968K [0x0000000083000000, 0x0000000100000000)
  region size 1024K, 7 young (7168K), 7 survivors (7168K)
 Metaspace       used 16176K, committed 16576K, reserved 1114112K
  class space    used 1894K, committed 2112K, reserved 1048576K
}
Event: 135.803 GC heap before
{Heap before GC invocations=3 (full 0):
 garbage-first heap   total 129024K, used 83808K [0x0000000083000000, 0x0000000100000000)
  region size 1024K, 28 young (28672K), 7 survivors (7168K)
 Metaspace       used 16453K, committed 16832K, reserved 1114112K
  class space    used 1899K, committed 2112K, reserved 1048576K
}
Event: 135.806 GC heap after
{Heap after GC invocations=4 (full 0):
 garbage-first heap   total 129024K, used 58377K [0x0000000083000000, 0x0000000100000000)
  region size 1024K, 6 young (6144K), 6 survivors (6144K)
 Metaspace       used 16453K, committed 16832K, reserved 1114112K
  class space    used 1899K, committed 2112K, reserved 1048576K
}
Event: 136.987 GC heap before
{Heap before GC invocations=4 (full 0):
 garbage-first heap   total 129024K, used 64521K [0x0000000083000000, 0x0000000100000000)
  region size 1024K, 9 young (9216K), 6 survivors (6144K)
 Metaspace       used 16479K, committed 16896K, reserved 1114112K
  class space    used 1901K, committed 2112K, reserved 1048576K
}
Event: 136.989 GC heap after
{Heap after GC invocations=5 (full 0):
 garbage-first heap   total 129024K, used 62212K [0x0000000083000000, 0x0000000100000000)
  region size 1024K, 1 young (1024K), 1 survivors (1024K)
 Metaspace       used 16479K, committed 16896K, reserved 1114112K
  class space    used 1901K, committed 2112K, reserved 1048576K
}
Event: 162.390 GC heap before
{Heap before GC invocations=6 (full 0):
 garbage-first heap   total 129024K, used 67332K [0x0000000083000000, 0x0000000100000000)
  region size 1024K, 11 young (11264K), 1 survivors (1024K)
 Metaspace       used 16548K, committed 16896K, reserved 1114112K
  class space    used 1901K, committed 2112K, reserved 1048576K
}
Event: 162.392 GC heap after
{Heap after GC invocations=7 (full 0):
 garbage-first heap   total 129024K, used 60035K [0x0000000083000000, 0x0000000100000000)
  region size 1024K, 3 young (3072K), 3 survivors (3072K)
 Metaspace       used 16548K, committed 16896K, reserved 1114112K
  class space    used 1901K, committed 2112K, reserved 1048576K
}
Event: 162.408 GC heap before
{Heap before GC invocations=8 (full 0):
 garbage-first heap   total 129024K, used 60035K [0x0000000083000000, 0x0000000100000000)
  region size 1024K, 4 young (4096K), 3 survivors (3072K)
 Metaspace       used 16549K, committed 16896K, reserved 1114112K
  class space    used 1901K, committed 2112K, reserved 1048576K
}
Event: 162.410 GC heap after
{Heap after GC invocations=9 (full 0):
 garbage-first heap   total 129024K, used 60189K [0x0000000083000000, 0x0000000100000000)
  region size 1024K, 3 young (3072K), 3 survivors (3072K)
 Metaspace       used 16549K, committed 16896K, reserved 1114112K
  class space    used 1901K, committed 2112K, reserved 1048576K
}
Event: 162.424 GC heap before
{Heap before GC invocations=10 (full 0):
 garbage-first heap   total 129024K, used 64285K [0x0000000083000000, 0x0000000100000000)
  region size 1024K, 4 young (4096K), 3 survivors (3072K)
 Metaspace       used 16563K, committed 17024K, reserved 1114112K
  class space    used 1901K, committed 2112K, reserved 1048576K
}
Event: 162.425 GC heap after
{Heap after GC invocations=11 (full 0):
 garbage-first heap   total 129024K, used 64063K [0x0000000083000000, 0x0000000100000000)
  region size 1024K, 3 young (3072K), 3 survivors (3072K)
 Metaspace       used 16563K, committed 17024K, reserved 1114112K
  class space    used 1901K, committed 2112K, reserved 1048576K
}
Event: 163.426 GC heap before
{Heap before GC invocations=12 (full 0):
 garbage-first heap   total 129024K, used 68159K [0x0000000083000000, 0x0000000100000000)
  region size 1024K, 6 young (6144K), 3 survivors (3072K)
 Metaspace       used 16577K, committed 17024K, reserved 1114112K
  class space    used 1901K, committed 2112K, reserved 1048576K
}
Event: 163.427 GC heap after
{Heap after GC invocations=13 (full 0):
 garbage-first heap   total 155648K, used 61598K [0x0000000083000000, 0x0000000100000000)
  region size 1024K, 2 young (2048K), 2 survivors (2048K)
 Metaspace       used 16577K, committed 17024K, reserved 1114112K
  class space    used 1901K, committed 2112K, reserved 1048576K
}
Event: 177.683 GC heap before
{Heap before GC invocations=13 (full 0):
 garbage-first heap   total 155648K, used 81054K [0x0000000083000000, 0x0000000100000000)
  region size 1024K, 12 young (12288K), 2 survivors (2048K)
 Metaspace       used 16673K, committed 17088K, reserved 1114112K
  class space    used 1901K, committed 2112K, reserved 1048576K
}
Event: 177.685 GC heap after
{Heap after GC invocations=14 (full 0):
 garbage-first heap   total 155648K, used 58412K [0x0000000083000000, 0x0000000100000000)
  region size 1024K, 3 young (3072K), 3 survivors (3072K)
 Metaspace       used 16673K, committed 17088K, reserved 1114112K
  class space    used 1901K, committed 2112K, reserved 1048576K
}

